<?xml version="1.0" encoding="UTF-8"?>
<testsuite xmlns:xsi="http://www.w3.org/2001/XMLSchema-instance" xsi:noNamespaceSchemaLocation="https://maven.apache.org/surefire/maven-surefire-plugin/xsd/surefire-test-report.xsd" version="3.0.2" name="com.tby.api.controller.ProductControllerTest" time="0.246" tests="2" errors="0" skipped="0" failures="0">
  <properties>
[...]
</properties>
  <testcase name="getProductById_notFound" classname="com.tby.api.controller.ProductControllerTest" time="0.005">
    <system-out><![CDATA[2026-05-09T08:55:33.283Z  INFO 96 --- [           main] t.c.s.AnnotationConfigContextLoaderUtils : Could not detect default configuration classes for test class [com.tby.api.controller.ProductControllerTest]: ProductControllerTest does not declare any static, non-private, non-final, nested classes annotated with @Configuration.
2026-05-09T08:55:33.285Z  INFO 96 --- [           main] .b.t.c.SpringBootTestContextBootstrapper : Found @SpringBootConfiguration com.tby.api.TbyApiApplication for test class com.tby.api.controller.ProductControllerTest

  .   ____          _            __ _ _
 /\\ / ___'_ __ _ _(_)_ __  __ _ \ \ \ \
( ( )\___ | '_ | '_| | '_ \/ _` | \ \ \ \
 \\/  ___)| |_)| | | | | || (_| |  ) ) ) )
  '  |____| .__|_| |_|_| |_\__, | / / / /
 =========|_|==============|___/=/_/_/_/

 :: Spring Boot ::                (v3.5.0)

2026-05-09T08:55:33.315Z  INFO 96 --- [           main] c.t.a.controller.ProductControllerTest   : Starting ProductControllerTest using Java 17.0.11 with PID 96 (started by root in /app)
2026-05-09T08:55:33.315Z  INFO 96 --- [           main] c.t.a.controller.ProductControllerTest   : The following 1 profile is active: "test"
2026-05-09T08:55:33.513Z  INFO 96 --- [           main] o.s.b.t.m.w.SpringBootMockServletContext : Initializing Spring TestDispatcherServlet ''
2026-05-09T08:55:33.513Z  INFO 96 --- [           main] o.s.t.web.servlet.TestDispatcherServlet  : Initializing Servlet ''
2026-05-09T08:55:33.513Z  INFO 96 --- [           main] o.s.t.web.servlet.TestDispatcherServlet  : Completed initialization in 0 ms
2026-05-09T08:55:33.516Z  INFO 96 --- [           main] c.t.a.controller.ProductControllerTest   : Started ProductControllerTest in 0.228 seconds (process running for 2.734)
]]></system-out>
  </testcase>
  <testcase name="getProductById_success" classname="com.tby.api.controller.ProductControllerTest" time="0.004"/>
</testsuite>